# JRE version: OpenJDK Runtime Environment Temurin-21.0.10+7 (21.0.10+7) (build 21.0.10+7-LTS)
# Java VM: OpenJDK 64-Bit Server VM Temurin-21.0.10+7 (21.0.10+7-LTS, mixed mode, sharing, tiered, compressed oops, compressed class ptrs, parallel gc, windows-amd64)
GC Precious Log:
 CardTable entry size: 512
 CPUs: 4 total, 4 available
 Memory: 7834M
 Large Page Support: Disabled
 NUMA Support: Disabled
 Compressed Oops: Enabled (32-bit)
 Alignments: Space 512K, Generation 512K, Heap 2M
 Heap Min Capacity: 100M
 Heap Initial Capacity: 100M
 Heap Max Capacity: 2G
 Pre-touch: Disabled
 Parallel Workers: 4
Heap:
 PSYoungGen      total 14848K, used 7590K [0x00000000d5580000, 0x00000000d6700000, 0x0000000100000000)
  eden space 13824K, 47% used [0x00000000d5580000,0x00000000d5bee1a8,0x00000000d6300000)
  from space 1024K, 98% used [0x00000000d6500000,0x00000000d65fb890,0x00000000d6600000)
  to   space 2048K, 0% used [0x00000000d6300000,0x00000000d6300000,0x00000000d6500000)
 ParOldGen       total 68608K, used 61334K [0x0000000080000000, 0x0000000084300000, 0x00000000d5580000)
  object space 68608K, 89% used [0x0000000080000000,0x0000000083be5b20,0x0000000084300000)
 Metaspace       used 58274K, committed 59648K, reserved 1114112K
  class space    used 6207K, committed 6848K, reserved 1048576K
GC Heap History (20 events):
Event: 6.670 GC heap before
{Heap before GC invocations=39 (full 2):
 PSYoungGen      total 14336K, used 14208K [0x00000000d5580000, 0x00000000d6480000, 0x0000000100000000)
  eden space 13824K, 100% used [0x00000000d5580000,0x00000000d6300000,0x00000000d6300000)
  from space 512K, 75% used [0x00000000d6400000,0x00000000d6460020,0x00000000d6480000)
  to   space 512K, 0% used [0x00000000d6380000,0x00000000d6380000,0x00000000d6400000)
 ParOldGen       total 68608K, used 51391K [0x0000000080000000, 0x0000000084300000, 0x00000000d5580000)
  object space 68608K, 74% used [0x0000000080000000,0x000000008322fc10,0x0000000084300000)
 Metaspace       used 53144K, committed 54528K, reserved 1114112K
  class space    used 5777K, committed 6400K, reserved 1048576K
}
Event: 6.672 GC heap after
{Heap after GC invocations=39 (full 2):
 PSYoungGen      total 14336K, used 508K [0x00000000d5580000, 0x00000000d6a00000, 0x0000000100000000)
  eden space 13824K, 0% used [0x00000000d5580000,0x00000000d5580000,0x00000000d6300000)
  from space 512K, 99% used [0x00000000d6380000,0x00000000d63ff368,0x00000000d6400000)
  to   space 3584K, 0% used [0x00000000d6680000,0x00000000d6680000,0x00000000d6a00000)
 ParOldGen       total 68608K, used 53980K [0x0000000080000000, 0x0000000084300000, 0x00000000d5580000)
  object space 68608K, 78% used [0x0000000080000000,0x00000000834b7168,0x0000000084300000)
 Metaspace       used 53144K, committed 54528K, reserved 1114112K
  class space    used 5777K, committed 6400K, reserved 1048576K
}
Event: 6.842 GC heap before
{Heap before GC invocations=40 (full 2):
 PSYoungGen      total 14336K, used 14332K [0x00000000d5580000, 0x00000000d6a00000, 0x0000000100000000)
  eden space 13824K, 100% used [0x00000000d5580000,0x00000000d6300000,0x00000000d6300000)
  from space 512K, 99% used [0x00000000d6380000,0x00000000d63ff368,0x00000000d6400000)
  to   space 3584K, 0% used [0x00000000d6680000,0x00000000d6680000,0x00000000d6a00000)
 ParOldGen       total 68608K, used 53980K [0x0000000080000000, 0x0000000084300000, 0x00000000d5580000)
  object space 68608K, 78% used [0x0000000080000000,0x00000000834b7168,0x0000000084300000)
 Metaspace       used 54268K, committed 55552K, reserved 1114112K
  class space    used 5865K, committed 6464K, reserved 1048576K
}
Event: 6.844 GC heap after
{Heap after GC invocations=40 (full 2):
 PSYoungGen      total 15872K, used 1853K [0x00000000d5580000, 0x00000000d6880000, 0x0000000100000000)
  eden space 13824K, 0% used [0x00000000d5580000,0x00000000d5580000,0x00000000d6300000)
  from space 2048K, 90% used [0x00000000d6680000,0x00000000d684f6b0,0x00000000d6880000)
  to   space 2560K, 0% used [0x00000000d6380000,0x00000000d6380000,0x00000000d6600000)
 ParOldGen       total 68608K, used 54488K [0x0000000080000000, 0x0000000084300000, 0x00000000d5580000)
  object space 68608K, 79% used [0x0000000080000000,0x0000000083536120,0x0000000084300000)
 Metaspace       used 54268K, committed 55552K, reserved 1114112K
  class space    used 5865K, committed 6464K, reserved 1048576K
}
Event: 6.928 GC heap before
{Heap before GC invocations=41 (full 2):
 PSYoungGen      total 15872K, used 15600K [0x00000000d5580000, 0x00000000d6880000, 0x0000000100000000)
  eden space 13824K, 99% used [0x00000000d5580000,0x00000000d62ec9f0,0x00000000d6300000)
  from space 2048K, 90% used [0x00000000d6680000,0x00000000d684f6b0,0x00000000d6880000)
  to   space 2560K, 0% used [0x00000000d6380000,0x00000000d6380000,0x00000000d6600000)
 ParOldGen       total 68608K, used 54488K [0x0000000080000000, 0x0000000084300000, 0x00000000d5580000)
  object space 68608K, 79% used [0x0000000080000000,0x0000000083536120,0x0000000084300000)
 Metaspace       used 54637K, committed 56000K, reserved 1114112K
  class space    used 5892K, committed 6528K, reserved 1048576K
}
Event: 6.931 GC heap after
{Heap after GC invocations=41 (full 2):
 PSYoungGen      total 15872K, used 1930K [0x00000000d5580000, 0x00000000d6700000, 0x0000000100000000)
  eden space 13824K, 0% used [0x00000000d5580000,0x00000000d5580000,0x00000000d6300000)
  from space 2048K, 94% used [0x00000000d6380000,0x00000000d65628c0,0x00000000d6580000)
  to   space 1536K, 0% used [0x00000000d6580000,0x00000000d6580000,0x00000000d6700000)
 ParOldGen       total 68608K, used 56215K [0x0000000080000000, 0x0000000084300000, 0x00000000d5580000)
  object space 68608K, 81% used [0x0000000080000000,0x00000000836e5c08,0x0000000084300000)
 Metaspace       used 54637K, committed 56000K, reserved 1114112K
  class space    used 5892K, committed 6528K, reserved 1048576K
}
Event: 6.995 GC heap before
{Heap before GC invocations=42 (full 2):
 PSYoungGen      total 15872K, used 15741K [0x00000000d5580000, 0x00000000d6700000, 0x0000000100000000)
  eden space 13824K, 99% used [0x00000000d5580000,0x00000000d62fcc68,0x00000000d6300000)
  from space 2048K, 94% used [0x00000000d6380000,0x00000000d65628c0,0x00000000d6580000)
  to   space 1536K, 0% used [0x00000000d6580000,0x00000000d6580000,0x00000000d6700000)
 ParOldGen       total 68608K, used 56215K [0x0000000080000000, 0x0000000084300000, 0x00000000d5580000)
  object space 68608K, 81% used [0x0000000080000000,0x00000000836e5c08,0x0000000084300000)
 Metaspace       used 54660K, committed 56064K, reserved 1114112K
  class space    used 5892K, committed 6528K, reserved 1048576K
}
Event: 6.996 GC heap after
{Heap after GC invocations=42 (full 2):
 PSYoungGen      total 14336K, used 367K [0x00000000d5580000, 0x00000000d6600000, 0x0000000100000000)
  eden space 13824K, 0% used [0x00000000d5580000,0x00000000d5580000,0x00000000d6300000)
  from space 512K, 71% used [0x00000000d6580000,0x00000000d65dbf90,0x00000000d6600000)
  to   space 1024K, 0% used [0x00000000d6400000,0x00000000d6400000,0x00000000d6500000)
 ParOldGen       total 68608K, used 57255K [0x0000000080000000, 0x0000000084300000, 0x00000000d5580000)
  object space 68608K, 83% used [0x0000000080000000,0x00000000837e9db0,0x0000000084300000)
 Metaspace       used 54660K, committed 56064K, reserved 1114112K
  class space    used 5892K, committed 6528K, reserved 1048576K
}
Event: 7.030 GC heap before
{Heap before GC invocations=43 (full 2):
 PSYoungGen      total 14336K, used 14191K [0x00000000d5580000, 0x00000000d6600000, 0x0000000100000000)
  eden space 13824K, 100% used [0x00000000d5580000,0x00000000d6300000,0x00000000d6300000)
  from space 512K, 71% used [0x00000000d6580000,0x00000000d65dbf90,0x00000000d6600000)
  to   space 1024K, 0% used [0x00000000d6400000,0x00000000d6400000,0x00000000d6500000)
 ParOldGen       total 68608K, used 57255K [0x0000000080000000, 0x0000000084300000, 0x00000000d5580000)
  object space 68608K, 83% used [0x0000000080000000,0x00000000837e9db0,0x0000000084300000)
 Metaspace       used 54663K, committed 56064K, reserved 1114112K
  class space    used 5892K, committed 6528K, reserved 1048576K
}
Event: 7.030 GC heap after
{Heap after GC invocations=43 (full 2):
 PSYoungGen      total 14848K, used 906K [0x00000000d5580000, 0x00000000d6600000, 0x0000000100000000)
  eden space 13824K, 0% used [0x00000000d5580000,0x00000000d5580000,0x00000000d6300000)
  from space 1024K, 88% used [0x00000000d6400000,0x00000000d64e2998,0x00000000d6500000)
  to   space 1024K, 0% used [0x00000000d6500000,0x00000000d6500000,0x00000000d6600000)
 ParOldGen       total 68608K, used 57279K [0x0000000080000000, 0x0000000084300000, 0x00000000d5580000)
  object space 68608K, 83% used [0x0000000080000000,0x00000000837efdb0,0x0000000084300000)
 Metaspace       used 54663K, committed 56064K, reserved 1114112K
  class space    used 5892K, committed 6528K, reserved 1048576K
}
Event: 7.145 GC heap before
{Heap before GC invocations=44 (full 2):
 PSYoungGen      total 14848K, used 14730K [0x00000000d5580000, 0x00000000d6600000, 0x0000000100000000)
  eden space 13824K, 100% used [0x00000000d5580000,0x00000000d6300000,0x00000000d6300000)
  from space 1024K, 88% used [0x00000000d6400000,0x00000000d64e2998,0x00000000d6500000)
  to   space 1024K, 0% used [0x00000000d6500000,0x00000000d6500000,0x00000000d6600000)
 ParOldGen       total 68608K, used 57279K [0x0000000080000000, 0x0000000084300000, 0x00000000d5580000)
  object space 68608K, 83% used [0x0000000080000000,0x00000000837efdb0,0x0000000084300000)
 Metaspace       used 55768K, committed 57088K, reserved 1114112K
  class space    used 5982K, committed 6592K, reserved 1048576K
}
Event: 7.146 GC heap after
{Heap after GC invocations=44 (full 2):
 PSYoungGen      total 14848K, used 768K [0x00000000d5580000, 0x00000000d6600000, 0x0000000100000000)
  eden space 13824K, 0% used [0x00000000d5580000,0x00000000d5580000,0x00000000d6300000)
  from space 1024K, 75% used [0x00000000d6500000,0x00000000d65c0000,0x00000000d6600000)
  to   space 1024K, 0% used [0x00000000d6400000,0x00000000d6400000,0x00000000d6500000)
 ParOldGen       total 68608K, used 57287K [0x0000000080000000, 0x0000000084300000, 0x00000000d5580000)
  object space 68608K, 83% used [0x0000000080000000,0x00000000837f1db0,0x0000000084300000)
 Metaspace       used 55768K, committed 57088K, reserved 1114112K
  class space    used 5982K, committed 6592K, reserved 1048576K
}
Event: 7.239 GC heap before
{Heap before GC invocations=45 (full 2):
 PSYoungGen      total 14848K, used 14592K [0x00000000d5580000, 0x00000000d6600000, 0x0000000100000000)
  eden space 13824K, 100% used [0x00000000d5580000,0x00000000d6300000,0x00000000d6300000)
  from space 1024K, 75% used [0x00000000d6500000,0x00000000d65c0000,0x00000000d6600000)
  to   space 1024K, 0% used [0x00000000d6400000,0x00000000d6400000,0x00000000d6500000)
 ParOldGen       total 68608K, used 57287K [0x0000000080000000, 0x0000000084300000, 0x00000000d5580000)
  object space 68608K, 83% used [0x0000000080000000,0x00000000837f1db0,0x0000000084300000)
 Metaspace       used 55877K, committed 57216K, reserved 1114112K
  class space    used 5985K, committed 6592K, reserved 1048576K
}
Event: 7.240 GC heap after
{Heap after GC invocations=45 (full 2):
 PSYoungGen      total 14848K, used 1008K [0x00000000d5580000, 0x00000000d6800000, 0x0000000100000000)
  eden space 13824K, 0% used [0x00000000d5580000,0x00000000d5580000,0x00000000d6300000)
  from space 1024K, 98% used [0x00000000d6400000,0x00000000d64fc010,0x00000000d6500000)
  to   space 2560K, 0% used [0x00000000d6580000,0x00000000d6580000,0x00000000d6800000)
 ParOldGen       total 68608K, used 58223K [0x0000000080000000, 0x0000000084300000, 0x00000000d5580000)
  object space 68608K, 84% used [0x0000000080000000,0x00000000838dbe90,0x0000000084300000)
 Metaspace       used 55877K, committed 57216K, reserved 1114112K
  class space    used 5985K, committed 6592K, reserved 1048576K
}
Event: 7.503 GC heap before
{Heap before GC invocations=46 (full 2):
 PSYoungGen      total 14848K, used 14832K [0x00000000d5580000, 0x00000000d6800000, 0x0000000100000000)
  eden space 13824K, 100% used [0x00000000d5580000,0x00000000d6300000,0x00000000d6300000)
  from space 1024K, 98% used [0x00000000d6400000,0x00000000d64fc010,0x00000000d6500000)
  to   space 2560K, 0% used [0x00000000d6580000,0x00000000d6580000,0x00000000d6800000)
 ParOldGen       total 68608K, used 58223K [0x0000000080000000, 0x0000000084300000, 0x00000000d5580000)
  object space 68608K, 84% used [0x0000000080000000,0x00000000838dbe90,0x0000000084300000)
 Metaspace       used 56967K, committed 58368K, reserved 1114112K
  class space    used 6088K, committed 6720K, reserved 1048576K
}
Event: 7.507 GC heap after
{Heap after GC invocations=46 (full 2):
 PSYoungGen      total 15872K, used 1549K [0x00000000d5580000, 0x00000000d6780000, 0x0000000100000000)
  eden space 13824K, 0% used [0x00000000d5580000,0x00000000d5580000,0x00000000d6300000)
  from space 2048K, 75% used [0x00000000d6580000,0x00000000d6703438,0x00000000d6780000)
  to   space 2048K, 0% used [0x00000000d6380000,0x00000000d6380000,0x00000000d6580000)
 ParOldGen       total 68608K, used 59222K [0x0000000080000000, 0x0000000084300000, 0x00000000d5580000)
  object space 68608K, 86% used [0x0000000080000000,0x00000000839d5b78,0x0000000084300000)
 Metaspace       used 56967K, committed 58368K, reserved 1114112K
  class space    used 6088K, committed 6720K, reserved 1048576K
}
Event: 7.620 GC heap before
{Heap before GC invocations=47 (full 2):
 PSYoungGen      total 15872K, used 15373K [0x00000000d5580000, 0x00000000d6780000, 0x0000000100000000)
  eden space 13824K, 100% used [0x00000000d5580000,0x00000000d6300000,0x00000000d6300000)
  from space 2048K, 75% used [0x00000000d6580000,0x00000000d6703438,0x00000000d6780000)
  to   space 2048K, 0% used [0x00000000d6380000,0x00000000d6380000,0x00000000d6580000)
 ParOldGen       total 68608K, used 59222K [0x0000000080000000, 0x0000000084300000, 0x00000000d5580000)
  object space 68608K, 86% used [0x0000000080000000,0x00000000839d5b78,0x0000000084300000)
 Metaspace       used 57253K, committed 58688K, reserved 1114112K
  class space    used 6088K, committed 6720K, reserved 1048576K
}
Event: 7.622 GC heap after
{Heap after GC invocations=47 (full 2):
 PSYoungGen      total 14336K, used 352K [0x00000000d5580000, 0x00000000d6600000, 0x0000000100000000)
  eden space 13824K, 0% used [0x00000000d5580000,0x00000000d5580000,0x00000000d6300000)
  from space 512K, 68% used [0x00000000d6380000,0x00000000d63d8000,0x00000000d6400000)
  to   space 1024K, 0% used [0x00000000d6500000,0x00000000d6500000,0x00000000d6600000)
 ParOldGen       total 68608K, used 60683K [0x0000000080000000, 0x0000000084300000, 0x00000000d5580000)
  object space 68608K, 88% used [0x0000000080000000,0x0000000083b42d60,0x0000000084300000)
 Metaspace       used 57253K, committed 58688K, reserved 1114112K
  class space    used 6088K, committed 6720K, reserved 1048576K
}
Event: 7.800 GC heap before
{Heap before GC invocations=48 (full 2):
 PSYoungGen      total 14336K, used 14176K [0x00000000d5580000, 0x00000000d6600000, 0x0000000100000000)
  eden space 13824K, 100% used [0x00000000d5580000,0x00000000d6300000,0x00000000d6300000)
  from space 512K, 68% used [0x00000000d6380000,0x00000000d63d8000,0x00000000d6400000)
  to   space 1024K, 0% used [0x00000000d6500000,0x00000000d6500000,0x00000000d6600000)
 ParOldGen       total 68608K, used 60683K [0x0000000080000000, 0x0000000084300000, 0x00000000d5580000)
  object space 68608K, 88% used [0x0000000080000000,0x0000000083b42d60,0x0000000084300000)
 Metaspace       used 57817K, committed 59264K, reserved 1114112K
  class space    used 6129K, committed 6784K, reserved 1048576K
}
Event: 7.803 GC heap after
{Heap after GC invocations=48 (full 2):
 PSYoungGen      total 14848K, used 1006K [0x00000000d5580000, 0x00000000d6700000, 0x0000000100000000)
  eden space 13824K, 0% used [0x00000000d5580000,0x00000000d5580000,0x00000000d6300000)
  from space 1024K, 98% used [0x00000000d6500000,0x00000000d65fb890,0x00000000d6600000)
  to   space 2048K, 0% used [0x00000000d6300000,0x00000000d6300000,0x00000000d6500000)
 ParOldGen       total 68608K, used 61334K [0x0000000080000000, 0x0000000084300000, 0x00000000d5580000)
  object space 68608K, 89% used [0x0000000080000000,0x0000000083be5b20,0x0000000084300000)
 Metaspace       used 57817K, committed 59264K, reserved 1114112K
  class space    used 6129K, committed 6784K, reserved 1048576K
}

