# JRE version: OpenJDK Runtime Environment Temurin-21.0.10+7 (21.0.10+7) (build 21.0.10+7-LTS)
# Java VM: OpenJDK 64-Bit Server VM Temurin-21.0.10+7 (21.0.10+7-LTS, mixed mode, sharing, tiered, compressed oops, compressed class ptrs, parallel gc, windows-amd64)
GC Precious Log:
 CardTable entry size: 512
 CPUs: 4 total, 4 available
 Memory: 7834M
 Large Page Support: Disabled
 NUMA Support: Disabled
 Compressed Oops: Enabled (32-bit)
 Alignments: Space 512K, Generation 512K, Heap 2M
 Heap Min Capacity: 100M
 Heap Initial Capacity: 100M
 Heap Max Capacity: 2G
 Pre-touch: Disabled
 Parallel Workers: 4
Heap:
 PSYoungGen      total 21504K, used 8923K [0x00000000d5580000, 0x00000000d6f00000, 0x0000000100000000)
  eden space 19968K, 36% used [0x00000000d5580000,0x00000000d5cb6db8,0x00000000d6900000)
  from space 1536K, 100% used [0x00000000d6b80000,0x00000000d6d00000,0x00000000d6d00000)
  to   space 2560K, 0% used [0x00000000d6900000,0x00000000d6900000,0x00000000d6b80000)
 ParOldGen       total 68608K, used 56384K [0x0000000080000000, 0x0000000084300000, 0x00000000d5580000)
  object space 68608K, 82% used [0x0000000080000000,0x0000000083710328,0x0000000084300000)
 Metaspace       used 59731K, committed 61184K, reserved 1114112K
  class space    used 6250K, committed 6912K, reserved 1048576K
GC Heap History (20 events):
Event: 6.644 GC heap before
{Heap before GC invocations=32 (full 2):
 PSYoungGen      total 24064K, used 22574K [0x00000000d5580000, 0x00000000d6f00000, 0x0000000100000000)
  eden space 22016K, 100% used [0x00000000d5580000,0x00000000d6b00000,0x00000000d6b00000)
  from space 2048K, 27% used [0x00000000d6b80000,0x00000000d6c0b898,0x00000000d6d80000)
  to   space 1024K, 0% used [0x00000000d6e00000,0x00000000d6e00000,0x00000000d6f00000)
 ParOldGen       total 68608K, used 50685K [0x0000000080000000, 0x0000000084300000, 0x00000000d5580000)
  object space 68608K, 73% used [0x0000000080000000,0x000000008317f7b0,0x0000000084300000)
 Metaspace       used 53132K, committed 54528K, reserved 1114112K
  class space    used 5773K, committed 6400K, reserved 1048576K
}
Event: 6.646 GC heap after
{Heap after GC invocations=32 (full 2):
 PSYoungGen      total 22016K, used 1015K [0x00000000d5580000, 0x00000000d7300000, 0x0000000100000000)
  eden space 20992K, 0% used [0x00000000d5580000,0x00000000d5580000,0x00000000d6a00000)
  from space 1024K, 99% used [0x00000000d6e00000,0x00000000d6efdf08,0x00000000d6f00000)
  to   space 4096K, 0% used [0x00000000d6a00000,0x00000000d6a00000,0x00000000d6e00000)
 ParOldGen       total 68608K, used 53180K [0x0000000080000000, 0x0000000084300000, 0x00000000d5580000)
  object space 68608K, 77% used [0x0000000080000000,0x00000000833ef140,0x0000000084300000)
 Metaspace       used 53132K, committed 54528K, reserved 1114112K
  class space    used 5773K, committed 6400K, reserved 1048576K
}
Event: 6.864 GC heap before
{Heap before GC invocations=33 (full 2):
 PSYoungGen      total 22016K, used 22007K [0x00000000d5580000, 0x00000000d7300000, 0x0000000100000000)
  eden space 20992K, 100% used [0x00000000d5580000,0x00000000d6a00000,0x00000000d6a00000)
  from space 1024K, 99% used [0x00000000d6e00000,0x00000000d6efdf08,0x00000000d6f00000)
  to   space 4096K, 0% used [0x00000000d6a00000,0x00000000d6a00000,0x00000000d6e00000)
 ParOldGen       total 68608K, used 53180K [0x0000000080000000, 0x0000000084300000, 0x00000000d5580000)
  object space 68608K, 77% used [0x0000000080000000,0x00000000833ef140,0x0000000084300000)
 Metaspace       used 54584K, committed 56000K, reserved 1114112K
  class space    used 5883K, committed 6528K, reserved 1048576K
}
Event: 6.865 GC heap after
{Heap after GC invocations=33 (full 2):
 PSYoungGen      total 23552K, used 2269K [0x00000000d5580000, 0x00000000d7000000, 0x0000000100000000)
  eden space 20992K, 0% used [0x00000000d5580000,0x00000000d5580000,0x00000000d6a00000)
  from space 2560K, 88% used [0x00000000d6a00000,0x00000000d6c376c0,0x00000000d6c80000)
  to   space 3072K, 0% used [0x00000000d6d00000,0x00000000d6d00000,0x00000000d7000000)
 ParOldGen       total 68608K, used 54201K [0x0000000080000000, 0x0000000084300000, 0x00000000d5580000)
  object space 68608K, 79% used [0x0000000080000000,0x00000000834ee488,0x0000000084300000)
 Metaspace       used 54584K, committed 56000K, reserved 1114112K
  class space    used 5883K, committed 6528K, reserved 1048576K
}
Event: 6.931 GC heap before
{Heap before GC invocations=34 (full 2):
 PSYoungGen      total 23552K, used 23261K [0x00000000d5580000, 0x00000000d7000000, 0x0000000100000000)
  eden space 20992K, 100% used [0x00000000d5580000,0x00000000d6a00000,0x00000000d6a00000)
  from space 2560K, 88% used [0x00000000d6a00000,0x00000000d6c376c0,0x00000000d6c80000)
  to   space 3072K, 0% used [0x00000000d6d00000,0x00000000d6d00000,0x00000000d7000000)
 ParOldGen       total 68608K, used 54201K [0x0000000080000000, 0x0000000084300000, 0x00000000d5580000)
  object space 68608K, 79% used [0x0000000080000000,0x00000000834ee488,0x0000000084300000)
 Metaspace       used 54666K, committed 56064K, reserved 1114112K
  class space    used 5889K, committed 6528K, reserved 1048576K
}
Event: 6.934 GC heap after
{Heap after GC invocations=34 (full 2):
 PSYoungGen      total 22528K, used 1434K [0x00000000d5580000, 0x00000000d6e80000, 0x0000000100000000)
  eden space 20992K, 0% used [0x00000000d5580000,0x00000000d5580000,0x00000000d6a00000)
  from space 1536K, 93% used [0x00000000d6d00000,0x00000000d6e66b28,0x00000000d6e80000)
  to   space 2048K, 0% used [0x00000000d6a80000,0x00000000d6a80000,0x00000000d6c80000)
 ParOldGen       total 68608K, used 56372K [0x0000000080000000, 0x0000000084300000, 0x00000000d5580000)
  object space 68608K, 82% used [0x0000000080000000,0x000000008370d208,0x0000000084300000)
 Metaspace       used 54666K, committed 56064K, reserved 1114112K
  class space    used 5889K, committed 6528K, reserved 1048576K
}
Event: 7.010 GC heap before
{Heap before GC invocations=35 (full 2):
 PSYoungGen      total 22528K, used 22426K [0x00000000d5580000, 0x00000000d6e80000, 0x0000000100000000)
  eden space 20992K, 100% used [0x00000000d5580000,0x00000000d6a00000,0x00000000d6a00000)
  from space 1536K, 93% used [0x00000000d6d00000,0x00000000d6e66b28,0x00000000d6e80000)
  to   space 2048K, 0% used [0x00000000d6a80000,0x00000000d6a80000,0x00000000d6c80000)
 ParOldGen       total 68608K, used 56372K [0x0000000080000000, 0x0000000084300000, 0x00000000d5580000)
  object space 68608K, 82% used [0x0000000080000000,0x000000008370d208,0x0000000084300000)
 Metaspace       used 55696K, committed 57088K, reserved 1114112K
  class space    used 5977K, committed 6592K, reserved 1048576K
}
Event: 7.011 GC heap after
{Heap after GC invocations=35 (full 2):
 PSYoungGen      total 23040K, used 288K [0x00000000d5580000, 0x00000000d6d80000, 0x0000000100000000)
  eden space 20992K, 0% used [0x00000000d5580000,0x00000000d5580000,0x00000000d6a00000)
  from space 2048K, 14% used [0x00000000d6a80000,0x00000000d6ac8000,0x00000000d6c80000)
  to   space 1024K, 0% used [0x00000000d6c80000,0x00000000d6c80000,0x00000000d6d80000)
 ParOldGen       total 68608K, used 56420K [0x0000000080000000, 0x0000000084300000, 0x00000000d5580000)
  object space 68608K, 82% used [0x0000000080000000,0x0000000083719208,0x0000000084300000)
 Metaspace       used 55696K, committed 57088K, reserved 1114112K
  class space    used 5977K, committed 6592K, reserved 1048576K
}
Event: 7.140 GC heap before
{Heap before GC invocations=36 (full 2):
 PSYoungGen      total 23040K, used 21280K [0x00000000d5580000, 0x00000000d6d80000, 0x0000000100000000)
  eden space 20992K, 100% used [0x00000000d5580000,0x00000000d6a00000,0x00000000d6a00000)
  from space 2048K, 14% used [0x00000000d6a80000,0x00000000d6ac8000,0x00000000d6c80000)
  to   space 1024K, 0% used [0x00000000d6c80000,0x00000000d6c80000,0x00000000d6d80000)
 ParOldGen       total 68608K, used 56420K [0x0000000080000000, 0x0000000084300000, 0x00000000d5580000)
  object space 68608K, 82% used [0x0000000080000000,0x0000000083719208,0x0000000084300000)
 Metaspace       used 55981K, committed 57408K, reserved 1114112K
  class space    used 6002K, committed 6656K, reserved 1048576K
}
Event: 7.143 GC heap after
{Heap after GC invocations=36 (full 2):
 PSYoungGen      total 22016K, used 997K [0x00000000d5580000, 0x00000000d6f00000, 0x0000000100000000)
  eden space 20992K, 0% used [0x00000000d5580000,0x00000000d5580000,0x00000000d6a00000)
  from space 1024K, 97% used [0x00000000d6c80000,0x00000000d6d79660,0x00000000d6d80000)
  to   space 2560K, 0% used [0x00000000d6a00000,0x00000000d6a00000,0x00000000d6c80000)
 ParOldGen       total 68608K, used 57540K [0x0000000080000000, 0x0000000084300000, 0x00000000d5580000)
  object space 68608K, 83% used [0x0000000080000000,0x0000000083831308,0x0000000084300000)
 Metaspace       used 55981K, committed 57408K, reserved 1114112K
  class space    used 6002K, committed 6656K, reserved 1048576K
}
Event: 7.426 GC heap before
{Heap before GC invocations=37 (full 2):
 PSYoungGen      total 22016K, used 21989K [0x00000000d5580000, 0x00000000d6f00000, 0x0000000100000000)
  eden space 20992K, 100% used [0x00000000d5580000,0x00000000d6a00000,0x00000000d6a00000)
  from space 1024K, 97% used [0x00000000d6c80000,0x00000000d6d79660,0x00000000d6d80000)
  to   space 2560K, 0% used [0x00000000d6a00000,0x00000000d6a00000,0x00000000d6c80000)
 ParOldGen       total 68608K, used 57540K [0x0000000080000000, 0x0000000084300000, 0x00000000d5580000)
  object space 68608K, 83% used [0x0000000080000000,0x0000000083831308,0x0000000084300000)
 Metaspace       used 57090K, committed 58496K, reserved 1114112K
  class space    used 6086K, committed 6720K, reserved 1048576K
}
Event: 7.429 GC heap after
{Heap after GC invocations=37 (full 2):
 PSYoungGen      total 22528K, used 1389K [0x00000000d5580000, 0x00000000d6e00000, 0x0000000100000000)
  eden space 20992K, 0% used [0x00000000d5580000,0x00000000d5580000,0x00000000d6a00000)
  from space 1536K, 90% used [0x00000000d6a00000,0x00000000d6b5b438,0x00000000d6b80000)
  to   space 2048K, 0% used [0x00000000d6c00000,0x00000000d6c00000,0x00000000d6e00000)
 ParOldGen       total 68608K, used 58551K [0x0000000080000000, 0x0000000084300000, 0x00000000d5580000)
  object space 68608K, 85% used [0x0000000080000000,0x000000008392de10,0x0000000084300000)
 Metaspace       used 57090K, committed 58496K, reserved 1114112K
  class space    used 6086K, committed 6720K, reserved 1048576K
}
Event: 7.665 GC heap before
{Heap before GC invocations=38 (full 2):
 PSYoungGen      total 22528K, used 22381K [0x00000000d5580000, 0x00000000d6e00000, 0x0000000100000000)
  eden space 20992K, 100% used [0x00000000d5580000,0x00000000d6a00000,0x00000000d6a00000)
  from space 1536K, 90% used [0x00000000d6a00000,0x00000000d6b5b438,0x00000000d6b80000)
  to   space 2048K, 0% used [0x00000000d6c00000,0x00000000d6c00000,0x00000000d6e00000)
 ParOldGen       total 68608K, used 58551K [0x0000000080000000, 0x0000000084300000, 0x00000000d5580000)
  object space 68608K, 85% used [0x0000000080000000,0x000000008392de10,0x0000000084300000)
 Metaspace       used 58094K, committed 59584K, reserved 1114112K
  class space    used 6169K, committed 6848K, reserved 1048576K
}
Event: 7.667 GC heap after
{Heap after GC invocations=38 (full 2):
 PSYoungGen      total 22528K, used 1407K [0x00000000d5580000, 0x00000000d6d80000, 0x0000000100000000)
  eden space 20992K, 0% used [0x00000000d5580000,0x00000000d5580000,0x00000000d6a00000)
  from space 1536K, 91% used [0x00000000d6c00000,0x00000000d6d5fe98,0x00000000d6d80000)
  to   space 1536K, 0% used [0x00000000d6a00000,0x00000000d6a00000,0x00000000d6b80000)
 ParOldGen       total 68608K, used 59833K [0x0000000080000000, 0x0000000084300000, 0x00000000d5580000)
  object space 68608K, 87% used [0x0000000080000000,0x0000000083a6e7f0,0x0000000084300000)
 Metaspace       used 58094K, committed 59584K, reserved 1114112K
  class space    used 6169K, committed 6848K, reserved 1048576K
}
Event: 7.814 GC heap before
{Heap before GC invocations=39 (full 2):
 PSYoungGen      total 22528K, used 8234K [0x00000000d5580000, 0x00000000d6d80000, 0x0000000100000000)
  eden space 20992K, 32% used [0x00000000d5580000,0x00000000d5c2a9b0,0x00000000d6a00000)
  from space 1536K, 91% used [0x00000000d6c00000,0x00000000d6d5fe98,0x00000000d6d80000)
  to   space 1536K, 0% used [0x00000000d6a00000,0x00000000d6a00000,0x00000000d6b80000)
 ParOldGen       total 68608K, used 59833K [0x0000000080000000, 0x0000000084300000, 0x00000000d5580000)
  object space 68608K, 87% used [0x0000000080000000,0x0000000083a6e7f0,0x0000000084300000)
 Metaspace       used 58347K, committed 59776K, reserved 1114112K
  class space    used 6210K, committed 6848K, reserved 1048576K
}
Event: 7.817 GC heap after
{Heap after GC invocations=39 (full 2):
 PSYoungGen      total 22528K, used 1129K [0x00000000d5580000, 0x00000000d6d00000, 0x0000000100000000)
  eden space 20992K, 0% used [0x00000000d5580000,0x00000000d5580000,0x00000000d6a00000)
  from space 1536K, 73% used [0x00000000d6a00000,0x00000000d6b1a410,0x00000000d6b80000)
  to   space 1536K, 0% used [0x00000000d6b80000,0x00000000d6b80000,0x00000000d6d00000)
 ParOldGen       total 68608K, used 61205K [0x0000000080000000, 0x0000000084300000, 0x00000000d5580000)
  object space 68608K, 89% used [0x0000000080000000,0x0000000083bc5710,0x0000000084300000)
 Metaspace       used 58347K, committed 59776K, reserved 1114112K
  class space    used 6210K, committed 6848K, reserved 1048576K
}
Event: 7.817 GC heap before
{Heap before GC invocations=40 (full 3):
 PSYoungGen      total 22528K, used 1129K [0x00000000d5580000, 0x00000000d6d00000, 0x0000000100000000)
  eden space 20992K, 0% used [0x00000000d5580000,0x00000000d5580000,0x00000000d6a00000)
  from space 1536K, 73% used [0x00000000d6a00000,0x00000000d6b1a410,0x00000000d6b80000)
  to   space 1536K, 0% used [0x00000000d6b80000,0x00000000d6b80000,0x00000000d6d00000)
 ParOldGen       total 68608K, used 61205K [0x0000000080000000, 0x0000000084300000, 0x00000000d5580000)
  object space 68608K, 89% used [0x0000000080000000,0x0000000083bc5710,0x0000000084300000)
 Metaspace       used 58347K, committed 59776K, reserved 1114112K
  class space    used 6210K, committed 6848K, reserved 1048576K
}
Event: 7.931 GC heap after
{Heap after GC invocations=40 (full 3):
 PSYoungGen      total 22528K, used 0K [0x00000000d5580000, 0x00000000d6d00000, 0x0000000100000000)
  eden space 20992K, 0% used [0x00000000d5580000,0x00000000d5580000,0x00000000d6a00000)
  from space 1536K, 0% used [0x00000000d6a00000,0x00000000d6a00000,0x00000000d6b80000)
  to   space 1536K, 0% used [0x00000000d6b80000,0x00000000d6b80000,0x00000000d6d00000)
 ParOldGen       total 68608K, used 55666K [0x0000000080000000, 0x0000000084300000, 0x00000000d5580000)
  object space 68608K, 81% used [0x0000000080000000,0x000000008365ca08,0x0000000084300000)
 Metaspace       used 58347K, committed 59776K, reserved 1114112K
  class space    used 6210K, committed 6848K, reserved 1048576K
}
Event: 8.445 GC heap before
{Heap before GC invocations=41 (full 3):
 PSYoungGen      total 22528K, used 20992K [0x00000000d5580000, 0x00000000d6d00000, 0x0000000100000000)
  eden space 20992K, 100% used [0x00000000d5580000,0x00000000d6a00000,0x00000000d6a00000)
  from space 1536K, 0% used [0x00000000d6a00000,0x00000000d6a00000,0x00000000d6b80000)
  to   space 1536K, 0% used [0x00000000d6b80000,0x00000000d6b80000,0x00000000d6d00000)
 ParOldGen       total 68608K, used 55666K [0x0000000080000000, 0x0000000084300000, 0x00000000d5580000)
  object space 68608K, 81% used [0x0000000080000000,0x000000008365ca08,0x0000000084300000)
 Metaspace       used 59544K, committed 60992K, reserved 1114112K
  class space    used 6246K, committed 6912K, reserved 1048576K
}
Event: 8.447 GC heap after
{Heap after GC invocations=41 (full 3):
 PSYoungGen      total 21504K, used 1536K [0x00000000d5580000, 0x00000000d6f00000, 0x0000000100000000)
  eden space 19968K, 0% used [0x00000000d5580000,0x00000000d5580000,0x00000000d6900000)
  from space 1536K, 100% used [0x00000000d6b80000,0x00000000d6d00000,0x00000000d6d00000)
  to   space 2560K, 0% used [0x00000000d6900000,0x00000000d6900000,0x00000000d6b80000)
 ParOldGen       total 68608K, used 56384K [0x0000000080000000, 0x0000000084300000, 0x00000000d5580000)
  object space 68608K, 82% used [0x0000000080000000,0x0000000083710328,0x0000000084300000)
 Metaspace       used 59544K, committed 60992K, reserved 1114112K
  class space    used 6246K, committed 6912K, reserved 1048576K
}

