# JRE version: OpenJDK Runtime Environment Temurin-21.0.10+7 (21.0.10+7) (build 21.0.10+7-LTS)
# Java VM: OpenJDK 64-Bit Server VM Temurin-21.0.10+7 (21.0.10+7-LTS, mixed mode, sharing, tiered, compressed oops, compressed class ptrs, parallel gc, windows-amd64)
GC Precious Log:
 CardTable entry size: 512
 CPUs: 4 total, 4 available
 Memory: 7834M
 Large Page Support: Disabled
 NUMA Support: Disabled
 Compressed Oops: Enabled (32-bit)
 Alignments: Space 512K, Generation 512K, Heap 2M
 Heap Min Capacity: 100M
 Heap Initial Capacity: 100M
 Heap Max Capacity: 2G
 Pre-touch: Disabled
 Parallel Workers: 4
Heap:
 PSYoungGen      total 13824K, used 10262K [0x00000000d5580000, 0x00000000d6780000, 0x0000000100000000)
  eden space 12288K, 73% used [0x00000000d5580000,0x00000000d5e45ba8,0x00000000d6180000)
  from space 1536K, 83% used [0x00000000d6600000,0x00000000d6740020,0x00000000d6780000)
  to   space 2560K, 0% used [0x00000000d6280000,0x00000000d6280000,0x00000000d6500000)
 ParOldGen       total 103424K, used 102816K [0x0000000080000000, 0x0000000086500000, 0x00000000d5580000)
  object space 103424K, 99% used [0x0000000080000000,0x00000000864683c8,0x0000000086500000)
 Metaspace       used 64817K, committed 66368K, reserved 1114112K
  class space    used 6889K, committed 7552K, reserved 1048576K
GC Heap History (20 events):
Event: 40.662 GC heap before
{Heap before GC invocations=88 (full 3):
 PSYoungGen      total 13312K, used 12793K [0x00000000d5580000, 0x00000000d6500000, 0x0000000100000000)
  eden space 12800K, 99% used [0x00000000d5580000,0x00000000d61fe430,0x00000000d6200000)
  from space 512K, 0% used [0x00000000d6480000,0x00000000d6480000,0x00000000d6500000)
  to   space 1024K, 0% used [0x00000000d6300000,0x00000000d6300000,0x00000000d6400000)
 ParOldGen       total 79872K, used 64068K [0x0000000080000000, 0x0000000084e00000, 0x00000000d5580000)
  object space 79872K, 80% used [0x0000000080000000,0x0000000083e91348,0x0000000084e00000)
 Metaspace       used 59852K, committed 61312K, reserved 1114112K
  class space    used 6402K, committed 6976K, reserved 1048576K
}
Event: 40.664 GC heap after
{Heap after GC invocations=88 (full 3):
 PSYoungGen      total 13824K, used 566K [0x00000000d5580000, 0x00000000d6500000, 0x0000000100000000)
  eden space 12800K, 0% used [0x00000000d5580000,0x00000000d5580000,0x00000000d6200000)
  from space 1024K, 55% used [0x00000000d6300000,0x00000000d638dbc0,0x00000000d6400000)
  to   space 1024K, 0% used [0x00000000d6400000,0x00000000d6400000,0x00000000d6500000)
 ParOldGen       total 79872K, used 64076K [0x0000000080000000, 0x0000000084e00000, 0x00000000d5580000)
  object space 79872K, 80% used [0x0000000080000000,0x0000000083e93348,0x0000000084e00000)
 Metaspace       used 59852K, committed 61312K, reserved 1114112K
  class space    used 6402K, committed 6976K, reserved 1048576K
}
Event: 40.741 GC heap before
{Heap before GC invocations=89 (full 3):
 PSYoungGen      total 13824K, used 13366K [0x00000000d5580000, 0x00000000d6500000, 0x0000000100000000)
  eden space 12800K, 100% used [0x00000000d5580000,0x00000000d6200000,0x00000000d6200000)
  from space 1024K, 55% used [0x00000000d6300000,0x00000000d638dbc0,0x00000000d6400000)
  to   space 1024K, 0% used [0x00000000d6400000,0x00000000d6400000,0x00000000d6500000)
 ParOldGen       total 79872K, used 64076K [0x0000000080000000, 0x0000000084e00000, 0x00000000d5580000)
  object space 79872K, 80% used [0x0000000080000000,0x0000000083e93348,0x0000000084e00000)
 Metaspace       used 59999K, committed 61504K, reserved 1114112K
  class space    used 6412K, committed 7040K, reserved 1048576K
}
Event: 40.743 GC heap after
{Heap after GC invocations=89 (full 3):
 PSYoungGen      total 13312K, used 1001K [0x00000000d5580000, 0x00000000d6700000, 0x0000000100000000)
  eden space 12288K, 0% used [0x00000000d5580000,0x00000000d5580000,0x00000000d6180000)
  from space 1024K, 97% used [0x00000000d6400000,0x00000000d64fa618,0x00000000d6500000)
  to   space 2560K, 0% used [0x00000000d6180000,0x00000000d6180000,0x00000000d6400000)
 ParOldGen       total 79872K, used 65017K [0x0000000080000000, 0x0000000084e00000, 0x00000000d5580000)
  object space 79872K, 81% used [0x0000000080000000,0x0000000083f7e4c0,0x0000000084e00000)
 Metaspace       used 59999K, committed 61504K, reserved 1114112K
  class space    used 6412K, committed 7040K, reserved 1048576K
}
Event: 40.908 GC heap before
{Heap before GC invocations=90 (full 3):
 PSYoungGen      total 13312K, used 13289K [0x00000000d5580000, 0x00000000d6700000, 0x0000000100000000)
  eden space 12288K, 100% used [0x00000000d5580000,0x00000000d6180000,0x00000000d6180000)
  from space 1024K, 97% used [0x00000000d6400000,0x00000000d64fa618,0x00000000d6500000)
  to   space 2560K, 0% used [0x00000000d6180000,0x00000000d6180000,0x00000000d6400000)
 ParOldGen       total 79872K, used 65017K [0x0000000080000000, 0x0000000084e00000, 0x00000000d5580000)
  object space 79872K, 81% used [0x0000000080000000,0x0000000083f7e4c0,0x0000000084e00000)
 Metaspace       used 60045K, committed 61504K, reserved 1114112K
  class space    used 6412K, committed 7040K, reserved 1048576K
}
Event: 40.910 GC heap after
{Heap after GC invocations=90 (full 3):
 PSYoungGen      total 13824K, used 1385K [0x00000000d5580000, 0x00000000d6580000, 0x0000000100000000)
  eden space 12288K, 0% used [0x00000000d5580000,0x00000000d5580000,0x00000000d6180000)
  from space 1536K, 90% used [0x00000000d6180000,0x00000000d62da6f8,0x00000000d6300000)
  to   space 2048K, 0% used [0x00000000d6380000,0x00000000d6380000,0x00000000d6580000)
 ParOldGen       total 79872K, used 65494K [0x0000000080000000, 0x0000000084e00000, 0x00000000d5580000)
  object space 79872K, 81% used [0x0000000080000000,0x0000000083ff5b10,0x0000000084e00000)
 Metaspace       used 60045K, committed 61504K, reserved 1114112K
  class space    used 6412K, committed 7040K, reserved 1048576K
}
Event: 40.973 GC heap before
{Heap before GC invocations=91 (full 3):
 PSYoungGen      total 13824K, used 13538K [0x00000000d5580000, 0x00000000d6580000, 0x0000000100000000)
  eden space 12288K, 98% used [0x00000000d5580000,0x00000000d615e200,0x00000000d6180000)
  from space 1536K, 90% used [0x00000000d6180000,0x00000000d62da6f8,0x00000000d6300000)
  to   space 2048K, 0% used [0x00000000d6380000,0x00000000d6380000,0x00000000d6580000)
 ParOldGen       total 79872K, used 65494K [0x0000000080000000, 0x0000000084e00000, 0x00000000d5580000)
  object space 79872K, 81% used [0x0000000080000000,0x0000000083ff5b10,0x0000000084e00000)
 Metaspace       used 60057K, committed 61504K, reserved 1114112K
  class space    used 6412K, committed 7040K, reserved 1048576K
}
Event: 40.975 GC heap after
{Heap after GC invocations=91 (full 3):
 PSYoungGen      total 13824K, used 1363K [0x00000000d5580000, 0x00000000d6500000, 0x0000000100000000)
  eden space 12288K, 0% used [0x00000000d5580000,0x00000000d5580000,0x00000000d6180000)
  from space 1536K, 88% used [0x00000000d6380000,0x00000000d64d4de8,0x00000000d6500000)
  to   space 1536K, 0% used [0x00000000d6180000,0x00000000d6180000,0x00000000d6300000)
 ParOldGen       total 79872K, used 65974K [0x0000000080000000, 0x0000000084e00000, 0x00000000d5580000)
  object space 79872K, 82% used [0x0000000080000000,0x000000008406db40,0x0000000084e00000)
 Metaspace       used 60057K, committed 61504K, reserved 1114112K
  class space    used 6412K, committed 7040K, reserved 1048576K
}
Event: 50.813 GC heap before
{Heap before GC invocations=92 (full 3):
 PSYoungGen      total 13824K, used 13651K [0x00000000d5580000, 0x00000000d6500000, 0x0000000100000000)
  eden space 12288K, 100% used [0x00000000d5580000,0x00000000d6180000,0x00000000d6180000)
  from space 1536K, 88% used [0x00000000d6380000,0x00000000d64d4de8,0x00000000d6500000)
  to   space 1536K, 0% used [0x00000000d6180000,0x00000000d6180000,0x00000000d6300000)
 ParOldGen       total 79872K, used 65974K [0x0000000080000000, 0x0000000084e00000, 0x00000000d5580000)
  object space 79872K, 82% used [0x0000000080000000,0x000000008406db40,0x0000000084e00000)
 Metaspace       used 61632K, committed 63168K, reserved 1114112K
  class space    used 6566K, committed 7232K, reserved 1048576K
}
Event: 50.817 GC heap after
{Heap after GC invocations=92 (full 3):
 PSYoungGen      total 13824K, used 928K [0x00000000d5580000, 0x00000000d6480000, 0x0000000100000000)
  eden space 12288K, 0% used [0x00000000d5580000,0x00000000d5580000,0x00000000d6180000)
  from space 1536K, 60% used [0x00000000d6180000,0x00000000d6268030,0x00000000d6300000)
  to   space 1536K, 0% used [0x00000000d6300000,0x00000000d6300000,0x00000000d6480000)
 ParOldGen       total 79872K, used 66302K [0x0000000080000000, 0x0000000084e00000, 0x00000000d5580000)
  object space 79872K, 83% used [0x0000000080000000,0x00000000840bfb40,0x0000000084e00000)
 Metaspace       used 61632K, committed 63168K, reserved 1114112K
  class space    used 6566K, committed 7232K, reserved 1048576K
}
Event: 931.864 GC heap before
{Heap before GC invocations=93 (full 3):
 PSYoungGen      total 13824K, used 13216K [0x00000000d5580000, 0x00000000d6480000, 0x0000000100000000)
  eden space 12288K, 100% used [0x00000000d5580000,0x00000000d6180000,0x00000000d6180000)
  from space 1536K, 60% used [0x00000000d6180000,0x00000000d6268030,0x00000000d6300000)
  to   space 1536K, 0% used [0x00000000d6300000,0x00000000d6300000,0x00000000d6480000)
 ParOldGen       total 79872K, used 66302K [0x0000000080000000, 0x0000000084e00000, 0x00000000d5580000)
  object space 79872K, 83% used [0x0000000080000000,0x00000000840bfb40,0x0000000084e00000)
 Metaspace       used 62933K, committed 64448K, reserved 1114112K
  class space    used 6711K, committed 7360K, reserved 1048576K
}
Event: 931.919 GC heap after
{Heap after GC invocations=93 (full 3):
 PSYoungGen      total 13312K, used 665K [0x00000000d5580000, 0x00000000d6400000, 0x0000000100000000)
  eden space 12288K, 0% used [0x00000000d5580000,0x00000000d5580000,0x00000000d6180000)
  from space 1024K, 64% used [0x00000000d6300000,0x00000000d63a6490,0x00000000d6400000)
  to   space 1024K, 0% used [0x00000000d6200000,0x00000000d6200000,0x00000000d6300000)
 ParOldGen       total 79872K, used 67190K [0x0000000080000000, 0x0000000084e00000, 0x00000000d5580000)
  object space 79872K, 84% used [0x0000000080000000,0x000000008419db70,0x0000000084e00000)
 Metaspace       used 62933K, committed 64448K, reserved 1114112K
  class space    used 6711K, committed 7360K, reserved 1048576K
}
Event: 932.084 GC heap before
{Heap before GC invocations=94 (full 3):
 PSYoungGen      total 13312K, used 12953K [0x00000000d5580000, 0x00000000d6400000, 0x0000000100000000)
  eden space 12288K, 100% used [0x00000000d5580000,0x00000000d6180000,0x00000000d6180000)
  from space 1024K, 64% used [0x00000000d6300000,0x00000000d63a6490,0x00000000d6400000)
  to   space 1024K, 0% used [0x00000000d6200000,0x00000000d6200000,0x00000000d6300000)
 ParOldGen       total 79872K, used 67190K [0x0000000080000000, 0x0000000084e00000, 0x00000000d5580000)
  object space 79872K, 84% used [0x0000000080000000,0x000000008419db70,0x0000000084e00000)
 Metaspace       used 63309K, committed 64896K, reserved 1114112K
  class space    used 6774K, committed 7424K, reserved 1048576K
}
Event: 932.091 GC heap after
{Heap after GC invocations=94 (full 3):
 PSYoungGen      total 13312K, used 1024K [0x00000000d5580000, 0x00000000d6780000, 0x0000000100000000)
  eden space 12288K, 0% used [0x00000000d5580000,0x00000000d5580000,0x00000000d6180000)
  from space 1024K, 100% used [0x00000000d6200000,0x00000000d6300000,0x00000000d6300000)
  to   space 3072K, 0% used [0x00000000d6480000,0x00000000d6480000,0x00000000d6780000)
 ParOldGen       total 79872K, used 68484K [0x0000000080000000, 0x0000000084e00000, 0x00000000d5580000)
  object space 79872K, 85% used [0x0000000080000000,0x00000000842e1210,0x0000000084e00000)
 Metaspace       used 63309K, committed 64896K, reserved 1114112K
  class space    used 6774K, committed 7424K, reserved 1048576K
}
Event: 932.334 GC heap before
{Heap before GC invocations=95 (full 3):
 PSYoungGen      total 13312K, used 13312K [0x00000000d5580000, 0x00000000d6780000, 0x0000000100000000)
  eden space 12288K, 100% used [0x00000000d5580000,0x00000000d6180000,0x00000000d6180000)
  from space 1024K, 100% used [0x00000000d6200000,0x00000000d6300000,0x00000000d6300000)
  to   space 3072K, 0% used [0x00000000d6480000,0x00000000d6480000,0x00000000d6780000)
 ParOldGen       total 103424K, used 99204K [0x0000000080000000, 0x0000000086500000, 0x00000000d5580000)
  object space 103424K, 95% used [0x0000000080000000,0x00000000860e1240,0x0000000086500000)
 Metaspace       used 63997K, committed 65664K, reserved 1114112K
  class space    used 6848K, committed 7552K, reserved 1048576K
}
Event: 932.336 GC heap after
{Heap after GC invocations=95 (full 3):
 PSYoungGen      total 13824K, used 1082K [0x00000000d5580000, 0x00000000d6600000, 0x0000000100000000)
  eden space 12288K, 0% used [0x00000000d5580000,0x00000000d5580000,0x00000000d6180000)
  from space 1536K, 70% used [0x00000000d6480000,0x00000000d658e8c8,0x00000000d6600000)
  to   space 1536K, 0% used [0x00000000d6300000,0x00000000d6300000,0x00000000d6480000)
 ParOldGen       total 103424K, used 100108K [0x0000000080000000, 0x0000000086500000, 0x00000000d5580000)
  object space 103424K, 96% used [0x0000000080000000,0x00000000861c3240,0x0000000086500000)
 Metaspace       used 63997K, committed 65664K, reserved 1114112K
  class space    used 6848K, committed 7552K, reserved 1048576K
}
Event: 1212.949 GC heap before
{Heap before GC invocations=96 (full 3):
 PSYoungGen      total 13824K, used 13370K [0x00000000d5580000, 0x00000000d6600000, 0x0000000100000000)
  eden space 12288K, 100% used [0x00000000d5580000,0x00000000d6180000,0x00000000d6180000)
  from space 1536K, 70% used [0x00000000d6480000,0x00000000d658e8c8,0x00000000d6600000)
  to   space 1536K, 0% used [0x00000000d6300000,0x00000000d6300000,0x00000000d6480000)
 ParOldGen       total 103424K, used 100108K [0x0000000080000000, 0x0000000086500000, 0x00000000d5580000)
  object space 103424K, 96% used [0x0000000080000000,0x00000000861c3240,0x0000000086500000)
 Metaspace       used 64305K, committed 65920K, reserved 1114112K
  class space    used 6860K, committed 7552K, reserved 1048576K
}
Event: 1212.962 GC heap after
{Heap after GC invocations=96 (full 3):
 PSYoungGen      total 13824K, used 1531K [0x00000000d5580000, 0x00000000d6a80000, 0x0000000100000000)
  eden space 12288K, 0% used [0x00000000d5580000,0x00000000d5580000,0x00000000d6180000)
  from space 1536K, 99% used [0x00000000d6300000,0x00000000d647ee58,0x00000000d6480000)
  to   space 4608K, 0% used [0x00000000d6600000,0x00000000d6600000,0x00000000d6a80000)
 ParOldGen       total 103424K, used 102604K [0x0000000080000000, 0x0000000086500000, 0x00000000d5580000)
  object space 103424K, 99% used [0x0000000080000000,0x00000000864331b8,0x0000000086500000)
 Metaspace       used 64305K, committed 65920K, reserved 1114112K
  class space    used 6860K, committed 7552K, reserved 1048576K
}
Event: 3450.399 GC heap before
{Heap before GC invocations=97 (full 3):
 PSYoungGen      total 13824K, used 13819K [0x00000000d5580000, 0x00000000d6a80000, 0x0000000100000000)
  eden space 12288K, 100% used [0x00000000d5580000,0x00000000d6180000,0x00000000d6180000)
  from space 1536K, 99% used [0x00000000d6300000,0x00000000d647ee58,0x00000000d6480000)
  to   space 4608K, 0% used [0x00000000d6600000,0x00000000d6600000,0x00000000d6a80000)
 ParOldGen       total 103424K, used 102604K [0x0000000080000000, 0x0000000086500000, 0x00000000d5580000)
  object space 103424K, 99% used [0x0000000080000000,0x00000000864331b8,0x0000000086500000)
 Metaspace       used 64706K, committed 66240K, reserved 1114112K
  class space    used 6889K, committed 7552K, reserved 1048576K
}
Event: 3450.410 GC heap after
{Heap after GC invocations=97 (full 3):
 PSYoungGen      total 13824K, used 1280K [0x00000000d5580000, 0x00000000d6780000, 0x0000000100000000)
  eden space 12288K, 0% used [0x00000000d5580000,0x00000000d5580000,0x00000000d6180000)
  from space 1536K, 83% used [0x00000000d6600000,0x00000000d6740020,0x00000000d6780000)
  to   space 2560K, 0% used [0x00000000d6280000,0x00000000d6280000,0x00000000d6500000)
 ParOldGen       total 103424K, used 102816K [0x0000000080000000, 0x0000000086500000, 0x00000000d5580000)
  object space 103424K, 99% used [0x0000000080000000,0x00000000864683c8,0x0000000086500000)
 Metaspace       used 64706K, committed 66240K, reserved 1114112K
  class space    used 6889K, committed 7552K, reserved 1048576K
}

